<?xml version="1.0" encoding="UTF-8"?>
<robot generator="Robot 6.1.1 (Python 3.10.12 on win32)" generated="20240319 15:27:12.292" rpa="true" schemaversion="4">
<suite id="s1" name="Index" source="c:\Users\Surya\Documents\GitHub\Bamboo\Bamboo_HR\Resources\index.robot">
<test id="s1-t1" name="bambo HR" line="124">
<kw name="Sleep" library="BuiltIn">
<arg>2</arg>
<doc>Pauses the test executed for the given time.</doc>
<msg timestamp="20240319 15:27:27.375" level="INFO">Slept 2 seconds</msg>
<status status="PASS" starttime="20240319 15:27:25.369" endtime="20240319 15:27:27.383"/>
</kw>
<kw name="open chrome from desktop">
<kw name="Log To Console" library="BuiltIn">
<arg>c:\\Users\\Surya\\Documents\\GitHub\\Bamboo\\Bamboo_HR\\Resources${/}..\\Images</arg>
<doc>Logs the given message to the console.</doc>
<status status="PASS" starttime="20240319 15:27:27.392" endtime="20240319 15:27:27.397"/>
</kw>
<kw name="Double Click" library="SikuliLibrary">
<arg>${IMGDIR}/${chrome_icon}</arg>
<doc>Double click</doc>
<msg timestamp="20240319 15:27:29.303" level="INFO" html="true">&lt;img src='sikuli_captured/sikuliximage-1710842248303.png'/&gt;
[log] DOUBLE CLICK on L[1089,137]@S(0) (635 msec)</msg>
<status status="PASS" starttime="20240319 15:27:27.399" endtime="20240319 15:27:29.304"/>
</kw>
<kw name="Sleep" library="BuiltIn">
<arg>2</arg>
<doc>Pauses the test executed for the given time.</doc>
<msg timestamp="20240319 15:27:31.310" level="INFO">Slept 2 seconds</msg>
<status status="PASS" starttime="20240319 15:27:29.306" endtime="20240319 15:27:31.310"/>
</kw>
<kw name="Sleep" library="BuiltIn">
<arg>3</arg>
<doc>Pauses the test executed for the given time.</doc>
<msg timestamp="20240319 15:27:34.317" level="INFO">Slept 3 seconds</msg>
<status status="PASS" starttime="20240319 15:27:31.311" endtime="20240319 15:27:34.318"/>
</kw>
<kw name="Wait Until Screen Contain" library="SikuliLibrary">
<arg>${top_bar}</arg>
<arg>10</arg>
<doc>Wait until screen contain
 Wait until image shown in screen</doc>
<msg timestamp="20240319 15:27:44.839" level="INFO">[error] ImagePath: find: not there: top_bar.png</msg>
<msg timestamp="20240319 15:27:44.839" level="INFO" html="true">&lt;img src='sikuli_captured/sikuliximage-1710842264441.png'/&gt;
[error] ImagePath: find: not there: top_bar.png</msg>
<msg timestamp="20240319 15:27:44.840" level="FAIL">com.github.rainmanwy.robotframework.sikulilib.exceptions.TimeoutException: Timeout happened, could not find P(top_bar.png -- not valid!) S: 0.699999988079071</msg>
<status status="FAIL" starttime="20240319 15:27:34.318" endtime="20240319 15:27:44.841"/>
</kw>
<kw name="Click" library="SikuliLibrary">
<arg>${top_bar}</arg>
<doc>Click</doc>
<status status="NOT RUN" starttime="20240319 15:27:44.842" endtime="20240319 15:27:44.843"/>
</kw>
<kw name="Exists" library="SikuliLibrary">
<var>${is_exist}</var>
<arg>${IMGDIR}/${maximize}</arg>
<doc>Exists</doc>
<status status="NOT RUN" starttime="20240319 15:27:44.844" endtime="20240319 15:27:44.845"/>
</kw>
<if>
<branch type="IF" condition="${is_exist}==True">
<kw name="Log" library="BuiltIn">
<arg>${is_exist}</arg>
<doc>Logs the given message with the given level.</doc>
<status status="NOT RUN" starttime="20240319 15:27:44.847" endtime="20240319 15:27:44.848"/>
</kw>
<kw name="Click" library="SikuliLibrary">
<arg>${IMGDIR}/${maximize}</arg>
<doc>Click</doc>
<status status="NOT RUN" starttime="20240319 15:27:44.849" endtime="20240319 15:27:44.850"/>
</kw>
<status status="NOT RUN" starttime="20240319 15:27:44.846" endtime="20240319 15:27:44.851"/>
</branch>
<status status="NOT RUN" starttime="20240319 15:27:44.846" endtime="20240319 15:27:44.851"/>
</if>
<kw name="Input Text" library="SikuliLibrary">
<arg>${IMGDIR}/${url_bar}</arg>
<arg>${URL}</arg>
<doc>Input text.
 Image could be empty</doc>
<status status="NOT RUN" starttime="20240319 15:27:44.852" endtime="20240319 15:27:44.852"/>
</kw>
<kw name="Press Keys" library="RPA.Desktop">
<arg>ENTER</arg>
<doc>Press multiple keys down simultaneously.</doc>
<status status="NOT RUN" starttime="20240319 15:27:44.852" endtime="20240319 15:27:44.854"/>
</kw>
<status status="FAIL" starttime="20240319 15:27:27.388" endtime="20240319 15:27:44.854"/>
</kw>
<kw name="Logging into bamboo Bamboo_HR">
<status status="NOT RUN" starttime="20240319 15:27:44.855" endtime="20240319 15:27:44.856"/>
</kw>
<kw name="Adding new employee">
<status status="NOT RUN" starttime="20240319 15:27:44.857" endtime="20240319 15:27:44.858"/>
</kw>
<status status="FAIL" starttime="20240319 15:27:25.361" endtime="20240319 15:27:44.859">com.github.rainmanwy.robotframework.sikulilib.exceptions.TimeoutException: Timeout happened, could not find P(top_bar.png -- not valid!) S: 0.699999988079071</status>
</test>
<status status="FAIL" starttime="20240319 15:27:12.311" endtime="20240319 15:27:44.864"/>
</suite>
<statistics>
<total>
<stat pass="0" fail="1" skip="0">All Tasks</stat>
</total>
<tag>
</tag>
<suite>
<stat pass="0" fail="1" skip="0" id="s1" name="Index">Index</stat>
</suite>
</statistics>
<errors>
</errors>
</robot>
