<?xml version="1.0" encoding="UTF-8"?>
<robot generator="Robot 6.1.1 (Python 3.10.12 on win32)" generated="20240318 11:33:04.300" rpa="true" schemaversion="4">
<suite id="s1" name="Index" source="c:\Users\Surya\Documents\GitHub\Bamboo\Bamboo_HR\Resources\index.robot">
<test id="s1-t1" name="bambo HR" line="110">
<kw name="Sleep" library="BuiltIn">
<arg>2</arg>
<doc>Pauses the test executed for the given time.</doc>
<msg timestamp="20240318 11:33:17.160" level="INFO">Slept 2 seconds</msg>
<status status="PASS" starttime="20240318 11:33:15.138" endtime="20240318 11:33:17.161"/>
</kw>
<kw name="open chrome from desktop">
<kw name="Log To Console" library="BuiltIn">
<arg>c:\\Users\\Surya\\Documents\\GitHub\\Bamboo\\Bamboo_HR\\Resources${/}..\\Images</arg>
<doc>Logs the given message to the console.</doc>
<status status="PASS" starttime="20240318 11:33:17.161" endtime="20240318 11:33:17.161"/>
</kw>
<kw name="Double Click" library="SikuliLibrary">
<arg>${IMGDIR}/${chrome_icon}</arg>
<doc>Double click</doc>
<msg timestamp="20240318 11:33:18.396" level="INFO" html="true">&lt;img src='sikuli_captured/sikuliximage-1710741797634.png'/&gt;
[log] DOUBLE CLICK on L[1089,137]@S(0) (599 msec)</msg>
<status status="PASS" starttime="20240318 11:33:17.161" endtime="20240318 11:33:18.396"/>
</kw>
<kw name="Sleep" library="BuiltIn">
<arg>2</arg>
<doc>Pauses the test executed for the given time.</doc>
<msg timestamp="20240318 11:33:20.398" level="INFO">Slept 2 seconds</msg>
<status status="PASS" starttime="20240318 11:33:18.396" endtime="20240318 11:33:20.398"/>
</kw>
<kw name="Sleep" library="BuiltIn">
<arg>3</arg>
<doc>Pauses the test executed for the given time.</doc>
<msg timestamp="20240318 11:33:23.413" level="INFO">Slept 3 seconds</msg>
<status status="PASS" starttime="20240318 11:33:20.399" endtime="20240318 11:33:23.414"/>
</kw>
<kw name="Exists" library="SikuliLibrary">
<var>${is_exist}</var>
<arg>${IMGDIR}/${maximize}</arg>
<doc>Exists</doc>
<msg timestamp="20240318 11:33:23.637" level="INFO">${is_exist} = False</msg>
<status status="PASS" starttime="20240318 11:33:23.416" endtime="20240318 11:33:23.638"/>
</kw>
<if>
<branch type="IF" condition="${is_exist}==True">
<kw name="Log" library="BuiltIn">
<arg>${is_exist}</arg>
<doc>Logs the given message with the given level.</doc>
<status status="NOT RUN" starttime="20240318 11:33:23.638" endtime="20240318 11:33:23.638"/>
</kw>
<kw name="Double Click" library="SikuliLibrary">
<arg>${top_bar}</arg>
<doc>Double click</doc>
<status status="NOT RUN" starttime="20240318 11:33:23.638" endtime="20240318 11:33:23.638"/>
</kw>
<status status="NOT RUN" starttime="20240318 11:33:23.638" endtime="20240318 11:33:23.638"/>
</branch>
<status status="PASS" starttime="20240318 11:33:23.638" endtime="20240318 11:33:23.638"/>
</if>
<kw name="Input Text" library="SikuliLibrary">
<arg>${IMGDIR}/${url_bar}</arg>
<arg>${URL}</arg>
<doc>Input text.
 Image could be empty</doc>
<msg timestamp="20240318 11:33:29.144" level="INFO">Input Text:
https://quad.bamboohr.com/login.php?r=%2Fhome%2F</msg>
<msg timestamp="20240318 11:33:29.144" level="INFO" html="true">&lt;img src='sikuli_captured/sikuliximage-1710741803880.png'/&gt;
[log] CLICK on L[200,55]@S(0) (562 msec)
[log]  TYPE "https://quad.bamboohr.com/login.php?r=%2Fhome%2F"</msg>
<status status="PASS" starttime="20240318 11:33:23.638" endtime="20240318 11:33:29.146"/>
</kw>
<kw name="Press Keys" library="RPA.Desktop">
<arg>ENTER</arg>
<doc>Press multiple keys down simultaneously.</doc>
<msg timestamp="20240318 11:33:29.146" level="INFO">Pressing keys: Key.enter</msg>
<status status="PASS" starttime="20240318 11:33:29.146" endtime="20240318 11:33:29.148"/>
</kw>
<status status="PASS" starttime="20240318 11:33:17.161" endtime="20240318 11:33:29.149"/>
</kw>
<kw name="Logging into bamboo Bamboo_HR">
<kw name="Sleep" library="BuiltIn">
<arg>5</arg>
<doc>Pauses the test executed for the given time.</doc>
<msg timestamp="20240318 11:33:34.164" level="INFO">Slept 5 seconds</msg>
<status status="PASS" starttime="20240318 11:33:29.149" endtime="20240318 11:33:34.165"/>
</kw>
<kw name="Input Text" library="SikuliLibrary">
<arg>${IMGDIR}/${email}</arg>
<arg>suryamerlinjose@gmail.com</arg>
<doc>Input text.
 Image could be empty</doc>
<msg timestamp="20240318 11:33:37.294" level="INFO">Input Text:
suryamerlinjose@gmail.com</msg>
<msg timestamp="20240318 11:33:37.294" level="INFO" html="true">&lt;img src='sikuli_captured/sikuliximage-1710741814327.png'/&gt;
[log] CLICK on L[559,337]@S(0) (557 msec)
[log]  TYPE "suryamerlinjose@gmail.com"</msg>
<status status="PASS" starttime="20240318 11:33:34.165" endtime="20240318 11:33:37.294"/>
</kw>
<kw name="Press Keys" library="RPA.Desktop">
<arg>TAB</arg>
<doc>Press multiple keys down simultaneously.</doc>
<msg timestamp="20240318 11:33:37.294" level="INFO">Pressing keys: Key.tab</msg>
<status status="PASS" starttime="20240318 11:33:37.294" endtime="20240318 11:33:37.300"/>
</kw>
<kw name="Input Text" library="SikuliLibrary">
<arg>${IMGDIR}/${password}</arg>
<arg>Quad@123</arg>
<doc>Input text.
 Image could be empty</doc>
<msg timestamp="20240318 11:33:39.309" level="INFO">Input Text:
Quad@123</msg>
<msg timestamp="20240318 11:33:39.309" level="INFO" html="true">&lt;img src='sikuli_captured/sikuliximage-1710741817816.png'/&gt;
[log] CLICK on L[550,395]@S(0) (570 msec)
[log]  TYPE "Quad@123"</msg>
<status status="PASS" starttime="20240318 11:33:37.300" endtime="20240318 11:33:39.309"/>
</kw>
<kw name="Press Keys" library="RPA.Desktop">
<arg>ENTER</arg>
<doc>Press multiple keys down simultaneously.</doc>
<msg timestamp="20240318 11:33:39.309" level="INFO">Pressing keys: Key.enter</msg>
<status status="PASS" starttime="20240318 11:33:39.309" endtime="20240318 11:33:39.315"/>
</kw>
<status status="PASS" starttime="20240318 11:33:29.149" endtime="20240318 11:33:39.316"/>
</kw>
<kw name="Adding new employee">
<kw name="Open Workbook" library="RPA.Excel.Files">
<arg>${xlsx}</arg>
<doc>Open an existing Excel workbook.</doc>
<msg timestamp="20240318 11:33:39.354" level="INFO">Opened workbook: &lt;RPA.Excel.Files.XlsxWorkbook object at 0x0000013ED3C708B0&gt;</msg>
<status status="PASS" starttime="20240318 11:33:39.319" endtime="20240318 11:33:39.355"/>
</kw>
<kw name="Read Worksheet As Table" library="RPA.Excel.Files">
<var>${employee}</var>
<arg>header=True</arg>
<doc>Read the contents of a worksheet into a Table container. Allows
sorting/filtering/manipulating using the ``RPA.Tables`` library.</doc>
<msg timestamp="20240318 11:33:39.359" level="INFO">Created table: Table(columns=['employee_id', 'first_name', 'last_name', 'dob', 'gender', 'marital_status', 'city', 'state', 'zip', 'country'], rows=2)</msg>
<msg timestamp="20240318 11:33:39.359" level="INFO">${employee} = Table(columns=['employee_id', 'first_name', 'last_name', 'dob', 'gender', 'marital_status', 'city', 'state', 'zip', 'country'], rows=2)</msg>
<status status="PASS" starttime="20240318 11:33:39.356" endtime="20240318 11:33:39.359"/>
</kw>
<for flavor="IN">
<var>${emp}</var>
<value>@{employee}</value>
<iter>
<var name="${emp}">{'employee_id': 254654, 'first_name': 'John       ', 'last_name': 'Doe       ', 'dob': datetime.datetime(1990, 5, 15, 0, 0), 'gender': 'M', 'marital_status': 'S', 'city': 'NY', 'state': 'AK', 'zip': 1...</var>
<kw name="Add new employee">
<arg>${emp}</arg>
<kw name="Sleep" library="BuiltIn">
<arg>5</arg>
<doc>Pauses the test executed for the given time.</doc>
<msg timestamp="20240318 11:33:44.380" level="INFO">Slept 5 seconds</msg>
<status status="PASS" starttime="20240318 11:33:39.366" endtime="20240318 11:33:44.380"/>
</kw>
<kw name="Click" library="SikuliLibrary">
<arg>${IMGDIR}/${people_button}</arg>
<doc>Click</doc>
<msg timestamp="20240318 11:33:45.258" level="INFO" html="true">&lt;img src='sikuli_captured/sikuliximage-1710741824529.png'/&gt;
[log] CLICK on L[503,155]@S(0) (592 msec)</msg>
<status status="PASS" starttime="20240318 11:33:44.381" endtime="20240318 11:33:45.259"/>
</kw>
<kw name="Sleep" library="BuiltIn">
<arg>5</arg>
<doc>Pauses the test executed for the given time.</doc>
<msg timestamp="20240318 11:33:50.262" level="INFO">Slept 5 seconds</msg>
<status status="PASS" starttime="20240318 11:33:45.259" endtime="20240318 11:33:50.262"/>
</kw>
<kw name="Click" library="SikuliLibrary">
<arg>${IMGDIR}/${add_new_employee}</arg>
<doc>Click</doc>
<msg timestamp="20240318 11:33:51.140" level="INFO" html="true">&lt;img src='sikuli_captured/sikuliximage-1710741830411.png'/&gt;
[log] CLICK on L[115,308]@S(0) (575 msec)</msg>
<status status="PASS" starttime="20240318 11:33:50.263" endtime="20240318 11:33:51.140"/>
</kw>
<kw name="Sleep" library="BuiltIn">
<arg>3</arg>
<doc>Pauses the test executed for the given time.</doc>
<msg timestamp="20240318 11:33:54.145" level="INFO">Slept 3 seconds</msg>
<status status="PASS" starttime="20240318 11:33:51.141" endtime="20240318 11:33:54.146"/>
</kw>
<kw name="Click" library="SikuliLibrary">
<arg>${IMGDIR}/${emp_id}</arg>
<doc>Click</doc>
<msg timestamp="20240318 11:33:55.012" level="INFO" html="true">&lt;img src='sikuli_captured/sikuliximage-1710741834294.png'/&gt;
[log] CLICK on L[90,519]@S(0) (578 msec)</msg>
<status status="PASS" starttime="20240318 11:33:54.146" endtime="20240318 11:33:55.012"/>
</kw>
<kw name="Input Text" library="SikuliLibrary">
<arg>${IMGDIR}/${emp_id}</arg>
<arg>${emp}[employee_id]</arg>
<doc>Input text.
 Image could be empty</doc>
<msg timestamp="20240318 11:33:55.908" level="INFO">Input Text:
254654</msg>
<msg timestamp="20240318 11:33:55.908" level="INFO" html="true">&lt;img src='sikuli_captured/sikuliximage-1710741835177.png'/&gt;
[log] CLICK on L[90,519]@S(0) (62 msec)
[log]  TYPE "254654"</msg>
<status status="PASS" starttime="20240318 11:33:55.013" endtime="20240318 11:33:55.908"/>
</kw>
<kw name="Press Keys" library="RPA.Desktop">
<arg>TAB</arg>
<doc>Press multiple keys down simultaneously.</doc>
<msg timestamp="20240318 11:33:55.913" level="INFO">Pressing keys: Key.tab</msg>
<status status="PASS" starttime="20240318 11:33:55.908" endtime="20240318 11:33:55.914"/>
</kw>
<kw name="Input Text" library="SikuliLibrary">
<arg>${IMGDIR}/${first_name}</arg>
<arg>${emp}[first_name]</arg>
<doc>Input text.
 Image could be empty</doc>
<msg timestamp="20240318 11:33:58.019" level="INFO">Input Text:
John</msg>
<msg timestamp="20240318 11:33:58.019" level="INFO" html="true">&lt;img src='sikuli_captured/sikuliximage-1710741836161.png'/&gt;
[log] CLICK on L[99,592]@S(0) (579 msec)
[log]  TYPE "John       "</msg>
<status status="PASS" starttime="20240318 11:33:55.915" endtime="20240318 11:33:58.020"/>
</kw>
<kw name="Press Keys" library="RPA.Desktop">
<arg>TAB</arg>
<doc>Press multiple keys down simultaneously.</doc>
<msg timestamp="20240318 11:33:58.020" level="INFO">Pressing keys: Key.tab</msg>
<status status="PASS" starttime="20240318 11:33:58.020" endtime="20240318 11:33:58.022"/>
</kw>
<kw name="Input Text" library="SikuliLibrary">
<arg>${IMGDIR}/${last_name}</arg>
<arg>${emp}[last_name]</arg>
<doc>Input text.
 Image could be empty</doc>
<msg timestamp="20240318 11:34:00.296" level="INFO">Input Text:
Doe</msg>
<msg timestamp="20240318 11:34:00.296" level="INFO" html="true">&lt;img src='sikuli_captured/sikuliximage-1710741838544.png'/&gt;
[log] CLICK on L[372,588]@S(0) (564 msec)
[log]  TYPE "Doe       "</msg>
<status status="PASS" starttime="20240318 11:33:58.022" endtime="20240318 11:34:00.297"/>
</kw>
<kw name="Press Keys" library="RPA.Desktop">
<arg>TAB</arg>
<doc>Press multiple keys down simultaneously.</doc>
<msg timestamp="20240318 11:34:00.298" level="INFO">Pressing keys: Key.tab</msg>
<status status="PASS" starttime="20240318 11:34:00.298" endtime="20240318 11:34:00.299"/>
</kw>
<kw name="Wheel Down" library="SikuliLibrary">
<arg>4</arg>
<doc>Wheel down
 Move mouse to the target, and wheel down with give steps</doc>
<status status="PASS" starttime="20240318 11:34:00.299" endtime="20240318 11:34:00.530"/>
</kw>
<kw name="Click" library="SikuliLibrary">
<arg>${IMGDIR}/${dob}</arg>
<doc>Click</doc>
<msg timestamp="20240318 11:34:01.509" level="INFO" html="true">&lt;img src='sikuli_captured/sikuliximage-1710741840743.png'/&gt;
[log] CLICK on L[57,267]@S(0) (570 msec)</msg>
<status status="PASS" starttime="20240318 11:34:00.532" endtime="20240318 11:34:01.510"/>
</kw>
<kw name="Input Text" library="SikuliLibrary">
<arg>${IMGDIR}/${dob}</arg>
<arg>19/08/1999</arg>
<doc>Input text.
 Image could be empty</doc>
<msg timestamp="20240318 11:34:02.808" level="INFO">Input Text:
19/08/1999</msg>
<msg timestamp="20240318 11:34:02.808" level="INFO" html="true">&lt;img src='sikuli_captured/sikuliximage-1710741841710.png'/&gt;
[log] CLICK on L[57,267]@S(0) (79 msec)
[log]  TYPE "19/08/1999"</msg>
<status status="PASS" starttime="20240318 11:34:01.511" endtime="20240318 11:34:02.808"/>
</kw>
<kw name="Press Keys" library="RPA.Desktop">
<arg>TAB</arg>
<doc>Press multiple keys down simultaneously.</doc>
<msg timestamp="20240318 11:34:02.809" level="INFO">Pressing keys: Key.tab</msg>
<status status="PASS" starttime="20240318 11:34:02.808" endtime="20240318 11:34:02.811"/>
</kw>
<kw name="Input Text" library="SikuliLibrary">
<arg>${IMGDIR}/${gender}</arg>
<arg>${emp}[gender]</arg>
<doc>Input text.
 Image could be empty</doc>
<msg timestamp="20240318 11:34:04.173" level="INFO">Input Text:
M</msg>
<msg timestamp="20240318 11:34:04.173" level="INFO" html="true">&lt;img src='sikuli_captured/sikuliximage-1710741843344.png'/&gt;
[log] CLICK on L[116,409]@S(0) (561 msec)
[log]  TYPE "M"</msg>
<status status="PASS" starttime="20240318 11:34:02.812" endtime="20240318 11:34:04.173"/>
</kw>
<kw name="Press Keys" library="RPA.Desktop">
<arg>ENTER</arg>
<doc>Press multiple keys down simultaneously.</doc>
<msg timestamp="20240318 11:34:04.177" level="INFO">Pressing keys: Key.enter</msg>
<status status="PASS" starttime="20240318 11:34:04.173" endtime="20240318 11:34:04.178"/>
</kw>
<kw name="Press Keys" library="RPA.Desktop">
<arg>TAB</arg>
<doc>Press multiple keys down simultaneously.</doc>
<msg timestamp="20240318 11:34:04.180" level="INFO">Pressing keys: Key.tab</msg>
<status status="PASS" starttime="20240318 11:34:04.179" endtime="20240318 11:34:04.295"/>
</kw>
<kw name="Input Text" library="SikuliLibrary">
<arg>${IMGDIR}/${martial_status}</arg>
<arg>${emp}[marital_status]</arg>
<doc>Input text.
 Image could be empty</doc>
<msg timestamp="20240318 11:34:05.362" level="INFO">Input Text:
S</msg>
<msg timestamp="20240318 11:34:05.362" level="INFO" html="true">&lt;img src='sikuli_captured/sikuliximage-1710741844494.png'/&gt;
[log] CLICK on L[134,477]@S(0) (563 msec)
[log]  TYPE "S"</msg>
<status status="PASS" starttime="20240318 11:34:04.295" endtime="20240318 11:34:05.363"/>
</kw>
<kw name="Press Keys" library="RPA.Desktop">
<arg>ENTER</arg>
<doc>Press multiple keys down simultaneously.</doc>
<msg timestamp="20240318 11:34:05.363" level="INFO">Pressing keys: Key.enter</msg>
<status status="PASS" starttime="20240318 11:34:05.363" endtime="20240318 11:34:05.365"/>
</kw>
<kw name="Wheel Down" library="SikuliLibrary">
<arg>7</arg>
<doc>Wheel down
 Move mouse to the target, and wheel down with give steps</doc>
<status status="PASS" starttime="20240318 11:34:05.365" endtime="20240318 11:34:05.764"/>
</kw>
<kw name="Click" library="SikuliLibrary">
<arg>${IMGDIR}/${city}</arg>
<doc>Click</doc>
<msg timestamp="20240318 11:34:06.661" level="INFO" html="true">&lt;img src='sikuli_captured/sikuliximage-1710741845950.png'/&gt;
[log] CLICK on L[99,313]@S(0) (564 msec)</msg>
<status status="PASS" starttime="20240318 11:34:05.765" endtime="20240318 11:34:06.662"/>
</kw>
<kw name="Input Text" library="SikuliLibrary">
<arg>${IMGDIR}/${city}</arg>
<arg>${emp}[city]</arg>
<doc>Input text.
 Image could be empty</doc>
<msg timestamp="20240318 11:34:07.258" level="INFO">Input Text:
NY</msg>
<msg timestamp="20240318 11:34:07.258" level="INFO" html="true">&lt;img src='sikuli_captured/sikuliximage-1710741846828.png'/&gt;
[log] CLICK on L[99,313]@S(0) (72 msec)
[log]  TYPE "NY"</msg>
<status status="PASS" starttime="20240318 11:34:06.662" endtime="20240318 11:34:07.262"/>
</kw>
<kw name="Press Keys" library="RPA.Desktop">
<arg>TAB</arg>
<doc>Press multiple keys down simultaneously.</doc>
<msg timestamp="20240318 11:34:07.263" level="INFO">Pressing keys: Key.tab</msg>
<status status="PASS" starttime="20240318 11:34:07.263" endtime="20240318 11:34:07.265"/>
</kw>
<kw name="Click" library="SikuliLibrary">
<arg>${IMGDIR}/${state}</arg>
<doc>Click</doc>
<msg timestamp="20240318 11:34:08.156" level="INFO" html="true">&lt;img src='sikuli_captured/sikuliximage-1710741847442.png'/&gt;
[log] CLICK on L[238,311]@S(0) (575 msec)</msg>
<status status="PASS" starttime="20240318 11:34:07.266" endtime="20240318 11:34:08.156"/>
</kw>
<kw name="Input Text" library="SikuliLibrary">
<arg>${IMGDIR}/${state_search}</arg>
<arg>${emp}[state]</arg>
<doc>Input text.
 Image could be empty</doc>
<msg timestamp="20240318 11:34:09.639" level="INFO">Input Text:
AK</msg>
<msg timestamp="20240318 11:34:09.639" level="INFO" html="true">&lt;img src='sikuli_captured/sikuliximage-1710741848676.png'/&gt;
[log] CLICK on L[238,339]@S(0) (563 msec)
[log]  TYPE "AK"</msg>
<status status="PASS" starttime="20240318 11:34:08.157" endtime="20240318 11:34:09.639"/>
</kw>
<kw name="Press Keys" library="RPA.Desktop">
<arg>ENTER</arg>
<doc>Press multiple keys down simultaneously.</doc>
<msg timestamp="20240318 11:34:09.639" level="INFO">Pressing keys: Key.enter</msg>
<status status="PASS" starttime="20240318 11:34:09.639" endtime="20240318 11:34:09.642"/>
</kw>
<kw name="Press Keys" library="RPA.Desktop">
<arg>TAB</arg>
<doc>Press multiple keys down simultaneously.</doc>
<msg timestamp="20240318 11:34:09.644" level="INFO">Pressing keys: Key.tab</msg>
<status status="PASS" starttime="20240318 11:34:09.643" endtime="20240318 11:34:09.744"/>
</kw>
<kw name="Input Text" library="SikuliLibrary">
<arg>${IMGDIR}/${zip}</arg>
<arg>${emp}[zip]</arg>
<doc>Input text.
 Image could be empty</doc>
<msg timestamp="20240318 11:34:11.038" level="INFO">Input Text:
10001</msg>
<msg timestamp="20240318 11:34:11.038" level="INFO" html="true">&lt;img src='sikuli_captured/sikuliximage-1710741849910.png'/&gt;
[log] CLICK on L[375,298]@S(0) (570 msec)
[log]  TYPE "10001"</msg>
<status status="PASS" starttime="20240318 11:34:09.744" endtime="20240318 11:34:11.038"/>
</kw>
<kw name="Press Keys" library="RPA.Desktop">
<arg>TAB</arg>
<doc>Press multiple keys down simultaneously.</doc>
<msg timestamp="20240318 11:34:11.038" level="INFO">Pressing keys: Key.tab</msg>
<status status="PASS" starttime="20240318 11:34:11.038" endtime="20240318 11:34:11.042"/>
</kw>
<kw name="Click" library="SikuliLibrary">
<arg>${IMGDIR}/${country}</arg>
<doc>Click</doc>
<msg timestamp="20240318 11:34:12.040" level="INFO" html="true">&lt;img src='sikuli_captured/sikuliximage-1710741851275.png'/&gt;
[log] CLICK on L[149,370]@S(0) (561 msec)</msg>
<status status="PASS" starttime="20240318 11:34:11.044" endtime="20240318 11:34:12.040"/>
</kw>
<kw name="Input Text" library="SikuliLibrary">
<arg>${IMGDIR}/${country_search}</arg>
<arg>${emp}[country]</arg>
<doc>Input text.
 Image could be empty</doc>
<msg timestamp="20240318 11:34:14.457" level="INFO">Input Text:
United States</msg>
<msg timestamp="20240318 11:34:14.457" level="INFO" html="true">&lt;img src='sikuli_captured/sikuliximage-1710741852541.png'/&gt;
[log] CLICK on L[151,338]@S(0) (559 msec)
[log]  TYPE "United States"</msg>
<status status="PASS" starttime="20240318 11:34:12.041" endtime="20240318 11:34:14.457"/>
</kw>
<kw name="Press Keys" library="RPA.Desktop">
<arg>ENTER</arg>
<doc>Press multiple keys down simultaneously.</doc>
<msg timestamp="20240318 11:34:14.458" level="INFO">Pressing keys: Key.enter</msg>
<status status="PASS" starttime="20240318 11:34:14.458" endtime="20240318 11:34:14.459"/>
</kw>
<kw name="Click" library="SikuliLibrary">
<arg>${IMGDIR}/${save}</arg>
<doc>Click</doc>
<msg timestamp="20240318 11:34:15.322" level="INFO" html="true">&lt;img src='sikuli_captured/sikuliximage-1710741854637.png'/&gt;
[log] CLICK on L[70,676]@S(0) (555 msec)</msg>
<status status="PASS" starttime="20240318 11:34:14.460" endtime="20240318 11:34:15.323"/>
</kw>
<kw name="Sleep" library="BuiltIn">
<arg>8</arg>
<doc>Pauses the test executed for the given time.</doc>
<msg timestamp="20240318 11:34:23.325" level="INFO">Slept 8 seconds</msg>
<status status="PASS" starttime="20240318 11:34:15.323" endtime="20240318 11:34:23.326"/>
</kw>
<kw name="Click" library="SikuliLibrary">
<arg>${IMGDIR}/${screen_space}</arg>
<doc>Click</doc>
<msg timestamp="20240318 11:34:24.272" level="INFO" html="true">&lt;img src='sikuli_captured/sikuliximage-1710741863525.png'/&gt;
[log] CLICK on L[363,440]@S(0) (577 msec)</msg>
<status status="PASS" starttime="20240318 11:34:23.326" endtime="20240318 11:34:24.273"/>
</kw>
<kw name="Set Capture Folder" library="SikuliLibrary">
<arg>${screenshots}/${emp}[employee_id].png</arg>
<doc>Set captured folder</doc>
<status status="PASS" starttime="20240318 11:34:24.273" endtime="20240318 11:34:24.284"/>
</kw>
<kw name="Capture Screen" library="SikuliLibrary">
<doc>Capture whole screen, file name is returned</doc>
<msg timestamp="20240318 11:34:24.401" level="INFO" html="true">&lt;img src='sikuli_captured/sikuliximage-1710741864340.png'/&gt;</msg>
<status status="PASS" starttime="20240318 11:34:24.284" endtime="20240318 11:34:24.402"/>
</kw>
<status status="PASS" starttime="20240318 11:33:39.363" endtime="20240318 11:34:24.402"/>
</kw>
<status status="PASS" starttime="20240318 11:33:39.359" endtime="20240318 11:34:24.403"/>
</iter>
<iter>
<var name="${emp}">{'employee_id': 546546, 'first_name': 'Ann', 'last_name': 'Frank', 'dob': datetime.datetime(2022, 1, 15, 0, 0), 'gender': 'F', 'marital_status': 'M', 'city': 'NY', 'state': 'AK', 'zip': 75875, 'countr...</var>
<kw name="Add new employee">
<arg>${emp}</arg>
<kw name="Sleep" library="BuiltIn">
<arg>5</arg>
<doc>Pauses the test executed for the given time.</doc>
<msg timestamp="20240318 11:34:29.408" level="INFO">Slept 5 seconds</msg>
<status status="PASS" starttime="20240318 11:34:24.405" endtime="20240318 11:34:29.408"/>
</kw>
<kw name="Click" library="SikuliLibrary">
<arg>${IMGDIR}/${people_button}</arg>
<doc>Click</doc>
<msg timestamp="20240318 11:34:30.234" level="INFO" html="true">&lt;img src='sikuli_captured/sikuliximage-1710741869557.png'/&gt;
[log] CLICK on L[503,155]@S(0) (557 msec)</msg>
<status status="PASS" starttime="20240318 11:34:29.408" endtime="20240318 11:34:30.235"/>
</kw>
<kw name="Sleep" library="BuiltIn">
<arg>5</arg>
<doc>Pauses the test executed for the given time.</doc>
<msg timestamp="20240318 11:34:35.240" level="INFO">Slept 5 seconds</msg>
<status status="PASS" starttime="20240318 11:34:30.236" endtime="20240318 11:34:35.241"/>
</kw>
<kw name="Click" library="SikuliLibrary">
<arg>${IMGDIR}/${add_new_employee}</arg>
<doc>Click</doc>
<msg timestamp="20240318 11:34:36.089" level="INFO" html="true">&lt;img src='sikuli_captured/sikuliximage-1710741875406.png'/&gt;
[log] CLICK on L[115,308]@S(0) (564 msec)</msg>
<status status="PASS" starttime="20240318 11:34:35.241" endtime="20240318 11:34:36.090"/>
</kw>
<kw name="Sleep" library="BuiltIn">
<arg>3</arg>
<doc>Pauses the test executed for the given time.</doc>
<msg timestamp="20240318 11:34:39.105" level="INFO">Slept 3 seconds</msg>
<status status="PASS" starttime="20240318 11:34:36.090" endtime="20240318 11:34:39.106"/>
</kw>
<kw name="Click" library="SikuliLibrary">
<arg>${IMGDIR}/${emp_id}</arg>
<doc>Click</doc>
<msg timestamp="20240318 11:34:40.992" level="INFO" html="true">&lt;img src='sikuli_captured/sikuliximage-1710741880305.png'/&gt;
[log] CLICK on L[90,519]@S(0) (550 msec)</msg>
<status status="PASS" starttime="20240318 11:34:39.107" endtime="20240318 11:34:40.992"/>
</kw>
<kw name="Input Text" library="SikuliLibrary">
<arg>${IMGDIR}/${emp_id}</arg>
<arg>${emp}[employee_id]</arg>
<doc>Input text.
 Image could be empty</doc>
<msg timestamp="20240318 11:34:41.888" level="INFO">Input Text:
546546</msg>
<msg timestamp="20240318 11:34:41.888" level="INFO" html="true">&lt;img src='sikuli_captured/sikuliximage-1710741881168.png'/&gt;
[log] CLICK on L[90,519]@S(0) (80 msec)
[log]  TYPE "546546"</msg>
<status status="PASS" starttime="20240318 11:34:40.993" endtime="20240318 11:34:41.889"/>
</kw>
<kw name="Press Keys" library="RPA.Desktop">
<arg>TAB</arg>
<doc>Press multiple keys down simultaneously.</doc>
<msg timestamp="20240318 11:34:41.891" level="INFO">Pressing keys: Key.tab</msg>
<status status="PASS" starttime="20240318 11:34:41.890" endtime="20240318 11:34:41.892"/>
</kw>
<kw name="Input Text" library="SikuliLibrary">
<arg>${IMGDIR}/${first_name}</arg>
<arg>${emp}[first_name]</arg>
<doc>Input text.
 Image could be empty</doc>
<msg timestamp="20240318 11:34:43.093" level="INFO">Input Text:
Ann</msg>
<msg timestamp="20240318 11:34:43.093" level="INFO" html="true">&lt;img src='sikuli_captured/sikuliximage-1710741882087.png'/&gt;
[log] CLICK on L[99,592]@S(0) (553 msec)
[log]  TYPE "Ann"</msg>
<status status="PASS" starttime="20240318 11:34:41.893" endtime="20240318 11:34:43.093"/>
</kw>
<kw name="Press Keys" library="RPA.Desktop">
<arg>TAB</arg>
<doc>Press multiple keys down simultaneously.</doc>
<msg timestamp="20240318 11:34:43.093" level="INFO">Pressing keys: Key.tab</msg>
<status status="PASS" starttime="20240318 11:34:43.093" endtime="20240318 11:34:43.095"/>
</kw>
<kw name="Input Text" library="SikuliLibrary">
<arg>${IMGDIR}/${last_name}</arg>
<arg>${emp}[last_name]</arg>
<doc>Input text.
 Image could be empty</doc>
<msg timestamp="20240318 11:34:44.835" level="INFO">Input Text:
Frank</msg>
<msg timestamp="20240318 11:34:44.835" level="INFO" html="true">&lt;img src='sikuli_captured/sikuliximage-1710741883622.png'/&gt;
[log] CLICK on L[372,588]@S(0) (576 msec)
[log]  TYPE "Frank"</msg>
<status status="PASS" starttime="20240318 11:34:43.095" endtime="20240318 11:34:44.838"/>
</kw>
<kw name="Press Keys" library="RPA.Desktop">
<arg>TAB</arg>
<doc>Press multiple keys down simultaneously.</doc>
<msg timestamp="20240318 11:34:44.840" level="INFO">Pressing keys: Key.tab</msg>
<status status="PASS" starttime="20240318 11:34:44.839" endtime="20240318 11:34:44.841"/>
</kw>
<kw name="Wheel Down" library="SikuliLibrary">
<arg>4</arg>
<doc>Wheel down
 Move mouse to the target, and wheel down with give steps</doc>
<status status="PASS" starttime="20240318 11:34:44.842" endtime="20240318 11:34:45.076"/>
</kw>
<kw name="Click" library="SikuliLibrary">
<arg>${IMGDIR}/${dob}</arg>
<doc>Click</doc>
<msg timestamp="20240318 11:34:45.983" level="INFO" html="true">&lt;img src='sikuli_captured/sikuliximage-1710741885253.png'/&gt;
[log] CLICK on L[57,267]@S(0) (567 msec)</msg>
<status status="PASS" starttime="20240318 11:34:45.077" endtime="20240318 11:34:45.983"/>
</kw>
<kw name="Input Text" library="SikuliLibrary">
<arg>${IMGDIR}/${dob}</arg>
<arg>19/08/1999</arg>
<doc>Input text.
 Image could be empty</doc>
<msg timestamp="20240318 11:34:47.236" level="INFO">Input Text:
19/08/1999</msg>
<msg timestamp="20240318 11:34:47.236" level="INFO" html="true">&lt;img src='sikuli_captured/sikuliximage-1710741886188.png'/&gt;
[log] CLICK on L[57,267]@S(0) (70 msec)
[log]  TYPE "19/08/1999"</msg>
<status status="PASS" starttime="20240318 11:34:45.984" endtime="20240318 11:34:47.237"/>
</kw>
<kw name="Press Keys" library="RPA.Desktop">
<arg>TAB</arg>
<doc>Press multiple keys down simultaneously.</doc>
<msg timestamp="20240318 11:34:47.239" level="INFO">Pressing keys: Key.tab</msg>
<status status="PASS" starttime="20240318 11:34:47.238" endtime="20240318 11:34:47.241"/>
</kw>
<kw name="Input Text" library="SikuliLibrary">
<arg>${IMGDIR}/${gender}</arg>
<arg>${emp}[gender]</arg>
<doc>Input text.
 Image could be empty</doc>
<msg timestamp="20240318 11:34:48.585" level="INFO">Input Text:
F</msg>
<msg timestamp="20240318 11:34:48.585" level="INFO" html="true">&lt;img src='sikuli_captured/sikuliximage-1710741887755.png'/&gt;
[log] CLICK on L[116,409]@S(0) (565 msec)
[log]  TYPE "F"</msg>
<status status="PASS" starttime="20240318 11:34:47.241" endtime="20240318 11:34:48.588"/>
</kw>
<kw name="Press Keys" library="RPA.Desktop">
<arg>ENTER</arg>
<doc>Press multiple keys down simultaneously.</doc>
<msg timestamp="20240318 11:34:48.589" level="INFO">Pressing keys: Key.enter</msg>
<status status="PASS" starttime="20240318 11:34:48.588" endtime="20240318 11:34:48.591"/>
</kw>
<kw name="Press Keys" library="RPA.Desktop">
<arg>TAB</arg>
<doc>Press multiple keys down simultaneously.</doc>
<msg timestamp="20240318 11:34:48.593" level="INFO">Pressing keys: Key.tab</msg>
<status status="PASS" starttime="20240318 11:34:48.592" endtime="20240318 11:34:48.705"/>
</kw>
<kw name="Input Text" library="SikuliLibrary">
<arg>${IMGDIR}/${martial_status}</arg>
<arg>${emp}[marital_status]</arg>
<doc>Input text.
 Image could be empty</doc>
<msg timestamp="20240318 11:34:49.790" level="INFO">Input Text:
M</msg>
<msg timestamp="20240318 11:34:49.790" level="INFO" html="true">&lt;img src='sikuli_captured/sikuliximage-1710741888919.png'/&gt;
[log] CLICK on L[134,477]@S(0) (563 msec)
[log]  TYPE "M"</msg>
<status status="PASS" starttime="20240318 11:34:48.705" endtime="20240318 11:34:49.790"/>
</kw>
<kw name="Press Keys" library="RPA.Desktop">
<arg>ENTER</arg>
<doc>Press multiple keys down simultaneously.</doc>
<msg timestamp="20240318 11:34:49.791" level="INFO">Pressing keys: Key.enter</msg>
<status status="PASS" starttime="20240318 11:34:49.790" endtime="20240318 11:34:49.792"/>
</kw>
<kw name="Wheel Down" library="SikuliLibrary">
<arg>7</arg>
<doc>Wheel down
 Move mouse to the target, and wheel down with give steps</doc>
<status status="PASS" starttime="20240318 11:34:49.793" endtime="20240318 11:34:50.193"/>
</kw>
<kw name="Click" library="SikuliLibrary">
<arg>${IMGDIR}/${city}</arg>
<doc>Click</doc>
<msg timestamp="20240318 11:34:51.057" level="INFO" html="true">&lt;img src='sikuli_captured/sikuliximage-1710741890371.png'/&gt;
[log] CLICK on L[99,313]@S(0) (549 msec)</msg>
<status status="PASS" starttime="20240318 11:34:50.193" endtime="20240318 11:34:51.058"/>
</kw>
<kw name="Input Text" library="SikuliLibrary">
<arg>${IMGDIR}/${city}</arg>
<arg>${emp}[city]</arg>
<doc>Input text.
 Image could be empty</doc>
<msg timestamp="20240318 11:34:51.684" level="INFO">Input Text:
NY</msg>
<msg timestamp="20240318 11:34:51.684" level="INFO" html="true">&lt;img src='sikuli_captured/sikuliximage-1710741891221.png'/&gt;
[log] CLICK on L[99,313]@S(0) (65 msec)
[log]  TYPE "NY"</msg>
<status status="PASS" starttime="20240318 11:34:51.058" endtime="20240318 11:34:51.684"/>
</kw>
<kw name="Press Keys" library="RPA.Desktop">
<arg>TAB</arg>
<doc>Press multiple keys down simultaneously.</doc>
<msg timestamp="20240318 11:34:51.688" level="INFO">Pressing keys: Key.tab</msg>
<status status="PASS" starttime="20240318 11:34:51.684" endtime="20240318 11:34:51.690"/>
</kw>
<kw name="Click" library="SikuliLibrary">
<arg>${IMGDIR}/${state}</arg>
<doc>Click</doc>
<msg timestamp="20240318 11:34:52.552" level="INFO" html="true">&lt;img src='sikuli_captured/sikuliximage-1710741891854.png'/&gt;
[log] CLICK on L[238,311]@S(0) (563 msec)</msg>
<status status="PASS" starttime="20240318 11:34:51.690" endtime="20240318 11:34:52.554"/>
</kw>
<kw name="Input Text" library="SikuliLibrary">
<arg>${IMGDIR}/${state_search}</arg>
<arg>${emp}[state]</arg>
<doc>Input text.
 Image could be empty</doc>
<msg timestamp="20240318 11:34:53.985" level="INFO">Input Text:
AK</msg>
<msg timestamp="20240318 11:34:53.985" level="INFO" html="true">&lt;img src='sikuli_captured/sikuliximage-1710741893037.png'/&gt;
[log] CLICK on L[238,339]@S(0) (563 msec)
[log]  TYPE "AK"</msg>
<status status="PASS" starttime="20240318 11:34:52.555" endtime="20240318 11:34:53.987"/>
</kw>
<kw name="Press Keys" library="RPA.Desktop">
<arg>ENTER</arg>
<doc>Press multiple keys down simultaneously.</doc>
<msg timestamp="20240318 11:34:53.989" level="INFO">Pressing keys: Key.enter</msg>
<status status="PASS" starttime="20240318 11:34:53.988" endtime="20240318 11:34:53.991"/>
</kw>
<kw name="Press Keys" library="RPA.Desktop">
<arg>TAB</arg>
<doc>Press multiple keys down simultaneously.</doc>
<msg timestamp="20240318 11:34:53.994" level="INFO">Pressing keys: Key.tab</msg>
<status status="PASS" starttime="20240318 11:34:53.992" endtime="20240318 11:34:54.104"/>
</kw>
<kw name="Input Text" library="SikuliLibrary">
<arg>${IMGDIR}/${zip}</arg>
<arg>${emp}[zip]</arg>
<doc>Input text.
 Image could be empty</doc>
<msg timestamp="20240318 11:34:55.385" level="INFO">Input Text:
75875</msg>
<msg timestamp="20240318 11:34:55.385" level="INFO" html="true">&lt;img src='sikuli_captured/sikuliximage-1710741894272.png'/&gt;
[log] CLICK on L[375,298]@S(0) (562 msec)
[log]  TYPE "75875"</msg>
<status status="PASS" starttime="20240318 11:34:54.104" endtime="20240318 11:34:55.386"/>
</kw>
<kw name="Press Keys" library="RPA.Desktop">
<arg>TAB</arg>
<doc>Press multiple keys down simultaneously.</doc>
<msg timestamp="20240318 11:34:55.388" level="INFO">Pressing keys: Key.tab</msg>
<status status="PASS" starttime="20240318 11:34:55.387" endtime="20240318 11:34:55.389"/>
</kw>
<kw name="Click" library="SikuliLibrary">
<arg>${IMGDIR}/${country}</arg>
<doc>Click</doc>
<msg timestamp="20240318 11:34:56.351" level="INFO" html="true">&lt;img src='sikuli_captured/sikuliximage-1710741895620.png'/&gt;
[log] CLICK on L[149,370]@S(0) (563 msec)</msg>
<status status="PASS" starttime="20240318 11:34:55.390" endtime="20240318 11:34:56.352"/>
</kw>
<kw name="Input Text" library="SikuliLibrary">
<arg>${IMGDIR}/${country_search}</arg>
<arg>${emp}[country]</arg>
<doc>Input text.
 Image could be empty</doc>
<msg timestamp="20240318 11:34:58.800" level="INFO">Input Text:
United States</msg>
<msg timestamp="20240318 11:34:58.800" level="INFO" html="true">&lt;img src='sikuli_captured/sikuliximage-1710741896866.png'/&gt;
[log] CLICK on L[151,408]@S(0) (560 msec)
[log]  TYPE "United States"</msg>
<status status="PASS" starttime="20240318 11:34:56.352" endtime="20240318 11:34:58.800"/>
</kw>
<kw name="Press Keys" library="RPA.Desktop">
<arg>ENTER</arg>
<doc>Press multiple keys down simultaneously.</doc>
<msg timestamp="20240318 11:34:58.804" level="INFO">Pressing keys: Key.enter</msg>
<status status="PASS" starttime="20240318 11:34:58.800" endtime="20240318 11:34:58.805"/>
</kw>
<kw name="Click" library="SikuliLibrary">
<arg>${IMGDIR}/${save}</arg>
<doc>Click</doc>
<msg timestamp="20240318 11:34:59.634" level="INFO" html="true">&lt;img src='sikuli_captured/sikuliximage-1710741898952.png'/&gt;
[log] CLICK on L[70,676]@S(0) (562 msec)</msg>
<status status="PASS" starttime="20240318 11:34:58.806" endtime="20240318 11:34:59.636"/>
</kw>
<kw name="Sleep" library="BuiltIn">
<arg>8</arg>
<doc>Pauses the test executed for the given time.</doc>
<msg timestamp="20240318 11:35:07.652" level="INFO">Slept 8 seconds</msg>
<status status="PASS" starttime="20240318 11:34:59.637" endtime="20240318 11:35:07.653"/>
</kw>
<kw name="Click" library="SikuliLibrary">
<arg>${IMGDIR}/${screen_space}</arg>
<doc>Click</doc>
<msg timestamp="20240318 11:35:08.603" level="INFO" html="true">&lt;img src='sikuli_captured/sikuliximage-1710741907856.png'/&gt;
[log] CLICK on L[363,440]@S(0) (564 msec)</msg>
<status status="PASS" starttime="20240318 11:35:07.654" endtime="20240318 11:35:08.603"/>
</kw>
<kw name="Set Capture Folder" library="SikuliLibrary">
<arg>${screenshots}/${emp}[employee_id].png</arg>
<doc>Set captured folder</doc>
<status status="PASS" starttime="20240318 11:35:08.604" endtime="20240318 11:35:08.610"/>
</kw>
<kw name="Capture Screen" library="SikuliLibrary">
<doc>Capture whole screen, file name is returned</doc>
<msg timestamp="20240318 11:35:08.719" level="INFO" html="true">&lt;img src='sikuli_captured/sikuliximage-1710741908652.png'/&gt;</msg>
<status status="PASS" starttime="20240318 11:35:08.611" endtime="20240318 11:35:08.721"/>
</kw>
<status status="PASS" starttime="20240318 11:34:24.404" endtime="20240318 11:35:08.721"/>
</kw>
<status status="PASS" starttime="20240318 11:34:24.403" endtime="20240318 11:35:08.721"/>
</iter>
<status status="PASS" starttime="20240318 11:33:39.359" endtime="20240318 11:35:08.722"/>
</for>
<status status="PASS" starttime="20240318 11:33:39.317" endtime="20240318 11:35:08.722"/>
</kw>
<status status="PASS" starttime="20240318 11:33:15.138" endtime="20240318 11:35:08.723"/>
</test>
<status status="PASS" starttime="20240318 11:33:04.318" endtime="20240318 11:35:08.727"/>
</suite>
<statistics>
<total>
<stat pass="1" fail="0" skip="0">All Tasks</stat>
</total>
<tag>
</tag>
<suite>
<stat pass="1" fail="0" skip="0" id="s1" name="Index">Index</stat>
</suite>
</statistics>
<errors>
</errors>
</robot>
